<?xml version="1.0" encoding="UTF-8"?>
<!-- Generated by org.testng.reporters.JUnitXMLReporter -->
<testsuite ignored="0" hostname="Admin-PC" failures="0" tests="1" name="ChromeTest" time="20.923" errors="0" timestamp="2022-03-05T11:41:24 IST">
  <testcase classname="tests.VerifyHeadersOfApplication" name="@BeforeTest launchBrowser" time="20.762">
    <failure type="org.openqa.selenium.SessionNotCreatedException" message="session not created: This version of ChromeDriver only supports Chrome version 97
Current browser version is 99.0.4844.51 with binary path C:\Program Files (x86)\Google\Chrome\Application\chrome.exe
Build info: version: &amp;apos;3.141.59&amp;apos;, revision: &amp;apos;e82be7d358&amp;apos;, time: &amp;apos;2018-11-14T08:17:03&amp;apos;
System info: host: &amp;apos;ADMIN-PC&amp;apos;, ip: &amp;apos;192.168.43.16&amp;apos;, os.name: &amp;apos;Windows 7&amp;apos;, os.arch: &amp;apos;amd64&amp;apos;, os.version: &amp;apos;6.1&amp;apos;, java.version: &amp;apos;17&amp;apos;
Driver info: driver.version: ChromeDriver
remote stacktrace: Backtrace:
	Ordinal0 [0x0108FDC3+2555331]
	Ordinal0 [0x010277F1+2127857]
	Ordinal0 [0x00F22E08+1060360]
	Ordinal0 [0x00F419CA+1186250]
	Ordinal0 [0x00F3D825+1169445]
	Ordinal0 [0x00F3AFC1+1159105]
	Ordinal0 [0x00F6C22F+1360431]
	Ordinal0 [0x00F6BE9A+1359514]
	Ordinal0 [0x00F67976+1341814]
	Ordinal0 [0x00F436B6+1193654]
	Ordinal0 [0x00F44546+1197382]
	GetHandleVerifier [0x01229622+1619522]
	GetHandleVerifier [0x012D882C+2336844]
	GetHandleVerifier [0x011223E1+541697]
	GetHandleVerifier [0x01121443+537699]
	Ordinal0 [0x0102D18E+2150798]
	Ordinal0 [0x01031518+2168088]
	Ordinal0 [0x01031660+2168416]
	Ordinal0 [0x0103B330+2208560]
	BaseThreadInitThunk [0x755833AA+18]
	RtlInitializeExceptionChain [0x779E9ED2+99]
	RtlInitializeExceptionChain [0x779E9EA5+54]
">
      <![CDATA[org.openqa.selenium.SessionNotCreatedException: session not created: This version of ChromeDriver only supports Chrome version 97
Current browser version is 99.0.4844.51 with binary path C:\Program Files (x86)\Google\Chrome\Application\chrome.exe
Build info: version: '3.141.59', revision: 'e82be7d358', time: '2018-11-14T08:17:03'
System info: host: 'ADMIN-PC', ip: '192.168.43.16', os.name: 'Windows 7', os.arch: 'amd64', os.version: '6.1', java.version: '17'
Driver info: driver.version: ChromeDriver
remote stacktrace: Backtrace:
Ordinal0 [0x0108FDC3+2555331]
Ordinal0 [0x010277F1+2127857]
Ordinal0 [0x00F22E08+1060360]
Ordinal0 [0x00F419CA+1186250]
Ordinal0 [0x00F3D825+1169445]
Ordinal0 [0x00F3AFC1+1159105]
Ordinal0 [0x00F6C22F+1360431]
Ordinal0 [0x00F6BE9A+1359514]
Ordinal0 [0x00F67976+1341814]
Ordinal0 [0x00F436B6+1193654]
Ordinal0 [0x00F44546+1197382]
GetHandleVerifier [0x01229622+1619522]
GetHandleVerifier [0x012D882C+2336844]
GetHandleVerifier [0x011223E1+541697]
GetHandleVerifier [0x01121443+537699]
Ordinal0 [0x0102D18E+2150798]
Ordinal0 [0x01031518+2168088]
Ordinal0 [0x01031660+2168416]
Ordinal0 [0x0103B330+2208560]
BaseThreadInitThunk [0x755833AA+18]
RtlInitializeExceptionChain [0x779E9ED2+99]
RtlInitializeExceptionChain [0x779E9EA5+54]

at org.openqa.selenium.remote.W3CHandshakeResponse.lambda$errorHandler$0(W3CHandshakeResponse.java:62)
at org.openqa.selenium.remote.HandshakeResponse.lambda$getResponseFunction$0(HandshakeResponse.java:30)
at org.openqa.selenium.remote.ProtocolHandshake.lambda$createSession$0(ProtocolHandshake.java:126)
at java.base/java.util.stream.ReferencePipeline$3$1.accept(ReferencePipeline.java:197)
at java.base/java.util.Spliterators$ArraySpliterator.tryAdvance(Spliterators.java:1002)
at java.base/java.util.stream.ReferencePipeline.forEachWithCancel(ReferencePipeline.java:129)
at java.base/java.util.stream.AbstractPipeline.copyIntoWithCancel(AbstractPipeline.java:527)
at java.base/java.util.stream.AbstractPipeline.copyInto(AbstractPipeline.java:513)
at java.base/java.util.stream.AbstractPipeline.wrapAndCopyInto(AbstractPipeline.java:499)
at java.base/java.util.stream.FindOps$FindOp.evaluateSequential(FindOps.java:150)
at java.base/java.util.stream.AbstractPipeline.evaluate(AbstractPipeline.java:234)
at java.base/java.util.stream.ReferencePipeline.findFirst(ReferencePipeline.java:647)
at org.openqa.selenium.remote.ProtocolHandshake.createSession(ProtocolHandshake.java:128)
at org.openqa.selenium.remote.ProtocolHandshake.createSession(ProtocolHandshake.java:74)
at org.openqa.selenium.remote.HttpCommandExecutor.execute(HttpCommandExecutor.java:136)
at org.openqa.selenium.remote.service.DriverCommandExecutor.execute(DriverCommandExecutor.java:83)
at org.openqa.selenium.remote.RemoteWebDriver.execute(RemoteWebDriver.java:552)
at org.openqa.selenium.remote.RemoteWebDriver.startSession(RemoteWebDriver.java:213)
at org.openqa.selenium.remote.RemoteWebDriver.<init>(RemoteWebDriver.java:131)
at org.openqa.selenium.chrome.ChromeDriver.<init>(ChromeDriver.java:181)
at org.openqa.selenium.chrome.ChromeDriver.<init>(ChromeDriver.java:168)
at org.openqa.selenium.chrome.ChromeDriver.<init>(ChromeDriver.java:123)
at base.Browser.launchChromeBrowser(Browser.java:10)
at tests.VerifyHeadersOfApplication.launchBrowser(VerifyHeadersOfApplication.java:52)
... Removed 29 stack frames]]>
    </failure>
  </testcase> <!-- @BeforeTest launchBrowser -->
  <testcase classname="tests.VerifyHeadersOfApplication" name="@BeforeClass createPOMObject" time="-1.646460683826E9">
    <skipped/>
  </testcase> <!-- @BeforeClass createPOMObject -->
  <testcase classname="tests.VerifyHeadersOfApplication" name="@BeforeMethod loginToApplication" time="-1.646460683873E9">
    <skipped/>
  </testcase> <!-- @BeforeMethod loginToApplication -->
  <testcase classname="tests.VerifyHeadersOfApplication" name="@AfterMethod logoutFromApplication" time="-1.646460683891E9">
    <skipped/>
  </testcase> <!-- @AfterMethod logoutFromApplication -->
  <testcase classname="tests.VerifyHeadersOfApplication" name="@AfterClass clearPOMObject" time="-1.646460683895E9">
    <skipped/>
  </testcase> <!-- @AfterClass clearPOMObject -->
  <testcase classname="tests.VerifyHeadersOfApplication" name="@AfterTest closedBrowser" time="-1.6464606839E9">
    <skipped/>
  </testcase> <!-- @AfterTest closedBrowser -->
  <testcase classname="tests.VerifyHeadersOfApplication" name="toVerifyTaskButton" time="0.0">
    <skipped/>
  </testcase> <!-- toVerifyTaskButton -->
</testsuite> <!-- ChromeTest -->
