<?xml version="1.0" encoding="UTF-8"?>
<testng-results ignored="0" total="2" passed="1" failed="0" skipped="1">
  <reporter-output>
  </reporter-output>
  <suite started-at="2022-03-05T11:41:02 IST" name="Suite" finished-at="2022-03-05T11:42:52 IST" duration-ms="109911">
    <groups>
    </groups>
    <test started-at="2022-03-05T11:41:02 IST" name="ChromeTest" finished-at="2022-03-05T11:41:23 IST" duration-ms="20923">
      <class name="tests.VerifyHeadersOfApplication">
        <test-method is-config="true" signature="launchBrowser(java.lang.String)[pri:0, instance:tests.VerifyHeadersOfApplication@4efc180e]" started-at="2022-03-05T11:41:03 IST" name="launchBrowser" finished-at="2022-03-05T11:41:23 IST" duration-ms="20762" status="FAIL">
          <params>
            <param index="0">
              <value>
                <![CDATA[Chrome]]>
              </value>
            </param>
          </params>
          <exception class="org.openqa.selenium.SessionNotCreatedException">
            <message>
              <![CDATA[session not created: This version of ChromeDriver only supports Chrome version 97
Current browser version is 99.0.4844.51 with binary path C:\Program Files (x86)\Google\Chrome\Application\chrome.exe
Build info: version: '3.141.59', revision: 'e82be7d358', time: '2018-11-14T08:17:03'
System info: host: 'ADMIN-PC', ip: '192.168.43.16', os.name: 'Windows 7', os.arch: 'amd64', os.version: '6.1', java.version: '17'
Driver info: driver.version: ChromeDriver
remote stacktrace: Backtrace:
Ordinal0 [0x0108FDC3+2555331]
Ordinal0 [0x010277F1+2127857]
Ordinal0 [0x00F22E08+1060360]
Ordinal0 [0x00F419CA+1186250]
Ordinal0 [0x00F3D825+1169445]
Ordinal0 [0x00F3AFC1+1159105]
Ordinal0 [0x00F6C22F+1360431]
Ordinal0 [0x00F6BE9A+1359514]
Ordinal0 [0x00F67976+1341814]
Ordinal0 [0x00F436B6+1193654]
Ordinal0 [0x00F44546+1197382]
GetHandleVerifier [0x01229622+1619522]
GetHandleVerifier [0x012D882C+2336844]
GetHandleVerifier [0x011223E1+541697]
GetHandleVerifier [0x01121443+537699]
Ordinal0 [0x0102D18E+2150798]
Ordinal0 [0x01031518+2168088]
Ordinal0 [0x01031660+2168416]
Ordinal0 [0x0103B330+2208560]
BaseThreadInitThunk [0x755833AA+18]
RtlInitializeExceptionChain [0x779E9ED2+99]
RtlInitializeExceptionChain [0x779E9EA5+54]
]]>
            </message>
            <full-stacktrace>
              <![CDATA[org.openqa.selenium.SessionNotCreatedException: session not created: This version of ChromeDriver only supports Chrome version 97
Current browser version is 99.0.4844.51 with binary path C:\Program Files (x86)\Google\Chrome\Application\chrome.exe
Build info: version: '3.141.59', revision: 'e82be7d358', time: '2018-11-14T08:17:03'
System info: host: 'ADMIN-PC', ip: '192.168.43.16', os.name: 'Windows 7', os.arch: 'amd64', os.version: '6.1', java.version: '17'
Driver info: driver.version: ChromeDriver
remote stacktrace: Backtrace:
Ordinal0 [0x0108FDC3+2555331]
Ordinal0 [0x010277F1+2127857]
Ordinal0 [0x00F22E08+1060360]
Ordinal0 [0x00F419CA+1186250]
Ordinal0 [0x00F3D825+1169445]
Ordinal0 [0x00F3AFC1+1159105]
Ordinal0 [0x00F6C22F+1360431]
Ordinal0 [0x00F6BE9A+1359514]
Ordinal0 [0x00F67976+1341814]
Ordinal0 [0x00F436B6+1193654]
Ordinal0 [0x00F44546+1197382]
GetHandleVerifier [0x01229622+1619522]
GetHandleVerifier [0x012D882C+2336844]
GetHandleVerifier [0x011223E1+541697]
GetHandleVerifier [0x01121443+537699]
Ordinal0 [0x0102D18E+2150798]
Ordinal0 [0x01031518+2168088]
Ordinal0 [0x01031660+2168416]
Ordinal0 [0x0103B330+2208560]
BaseThreadInitThunk [0x755833AA+18]
RtlInitializeExceptionChain [0x779E9ED2+99]
RtlInitializeExceptionChain [0x779E9EA5+54]

at java.base/jdk.internal.reflect.NativeConstructorAccessorImpl.newInstance0(Native Method)
at java.base/jdk.internal.reflect.NativeConstructorAccessorImpl.newInstance(NativeConstructorAccessorImpl.java:77)
at java.base/jdk.internal.reflect.DelegatingConstructorAccessorImpl.newInstance(DelegatingConstructorAccessorImpl.java:45)
at java.base/java.lang.reflect.Constructor.newInstanceWithCaller(Constructor.java:499)
at java.base/java.lang.reflect.Constructor.newInstance(Constructor.java:480)
at org.openqa.selenium.remote.W3CHandshakeResponse.lambda$errorHandler$0(W3CHandshakeResponse.java:62)
at org.openqa.selenium.remote.HandshakeResponse.lambda$getResponseFunction$0(HandshakeResponse.java:30)
at org.openqa.selenium.remote.ProtocolHandshake.lambda$createSession$0(ProtocolHandshake.java:126)
at java.base/java.util.stream.ReferencePipeline$3$1.accept(ReferencePipeline.java:197)
at java.base/java.util.Spliterators$ArraySpliterator.tryAdvance(Spliterators.java:1002)
at java.base/java.util.stream.ReferencePipeline.forEachWithCancel(ReferencePipeline.java:129)
at java.base/java.util.stream.AbstractPipeline.copyIntoWithCancel(AbstractPipeline.java:527)
at java.base/java.util.stream.AbstractPipeline.copyInto(AbstractPipeline.java:513)
at java.base/java.util.stream.AbstractPipeline.wrapAndCopyInto(AbstractPipeline.java:499)
at java.base/java.util.stream.FindOps$FindOp.evaluateSequential(FindOps.java:150)
at java.base/java.util.stream.AbstractPipeline.evaluate(AbstractPipeline.java:234)
at java.base/java.util.stream.ReferencePipeline.findFirst(ReferencePipeline.java:647)
at org.openqa.selenium.remote.ProtocolHandshake.createSession(ProtocolHandshake.java:128)
at org.openqa.selenium.remote.ProtocolHandshake.createSession(ProtocolHandshake.java:74)
at org.openqa.selenium.remote.HttpCommandExecutor.execute(HttpCommandExecutor.java:136)
at org.openqa.selenium.remote.service.DriverCommandExecutor.execute(DriverCommandExecutor.java:83)
at org.openqa.selenium.remote.RemoteWebDriver.execute(RemoteWebDriver.java:552)
at org.openqa.selenium.remote.RemoteWebDriver.startSession(RemoteWebDriver.java:213)
at org.openqa.selenium.remote.RemoteWebDriver.<init>(RemoteWebDriver.java:131)
at org.openqa.selenium.chrome.ChromeDriver.<init>(ChromeDriver.java:181)
at org.openqa.selenium.chrome.ChromeDriver.<init>(ChromeDriver.java:168)
at org.openqa.selenium.chrome.ChromeDriver.<init>(ChromeDriver.java:123)
at base.Browser.launchChromeBrowser(Browser.java:10)
at tests.VerifyHeadersOfApplication.launchBrowser(VerifyHeadersOfApplication.java:52)
at java.base/jdk.internal.reflect.NativeMethodAccessorImpl.invoke0(Native Method)
at java.base/jdk.internal.reflect.NativeMethodAccessorImpl.invoke(NativeMethodAccessorImpl.java:77)
at java.base/jdk.internal.reflect.DelegatingMethodAccessorImpl.invoke(DelegatingMethodAccessorImpl.java:43)
at java.base/java.lang.reflect.Method.invoke(Method.java:568)
at org.testng.internal.MethodInvocationHelper.invokeMethod(MethodInvocationHelper.java:133)
at org.testng.internal.MethodInvocationHelper.invokeMethodConsideringTimeout(MethodInvocationHelper.java:62)
at org.testng.internal.ConfigInvoker.invokeConfigurationMethod(ConfigInvoker.java:385)
at org.testng.internal.ConfigInvoker.invokeConfigurations(ConfigInvoker.java:321)
at org.testng.TestRunner.invokeTestConfigurations(TestRunner.java:637)
at org.testng.TestRunner.beforeRun(TestRunner.java:627)
at org.testng.TestRunner.run(TestRunner.java:589)
at org.testng.SuiteRunner.runTest(SuiteRunner.java:377)
at org.testng.SuiteRunner.runSequentially(SuiteRunner.java:371)
at org.testng.SuiteRunner.privateRun(SuiteRunner.java:332)
at org.testng.SuiteRunner.run(SuiteRunner.java:276)
at org.testng.SuiteRunnerWorker.runSuite(SuiteRunnerWorker.java:53)
at org.testng.SuiteRunnerWorker.run(SuiteRunnerWorker.java:96)
at org.testng.TestNG.runSuitesSequentially(TestNG.java:1212)
at org.testng.TestNG.runSuitesLocally(TestNG.java:1134)
at org.testng.TestNG.runSuites(TestNG.java:1063)
at org.testng.TestNG.run(TestNG.java:1031)
at org.testng.remote.AbstractRemoteTestNG.run(AbstractRemoteTestNG.java:115)
at org.testng.remote.RemoteTestNG.initAndRun(RemoteTestNG.java:251)
at org.testng.remote.RemoteTestNG.main(RemoteTestNG.java:77)
]]>
            </full-stacktrace>
          </exception> <!-- org.openqa.selenium.SessionNotCreatedException -->
          <reporter-output>
          </reporter-output>
        </test-method> <!-- launchBrowser -->
        <test-method is-config="true" signature="createPOMObject()[pri:0, instance:tests.VerifyHeadersOfApplication@4efc180e]" started-at="2022-03-05T11:41:23 IST" name="createPOMObject" finished-at="1970-01-01T05:30:00 IST" duration-ms="-1646460683826" status="SKIP">
          <reporter-output>
          </reporter-output>
        </test-method> <!-- createPOMObject -->
        <test-method is-config="true" signature="loginToApplication()[pri:0, instance:tests.VerifyHeadersOfApplication@4efc180e]" started-at="2022-03-05T11:41:23 IST" name="loginToApplication" finished-at="1970-01-01T05:30:00 IST" duration-ms="-1646460683873" status="SKIP">
          <reporter-output>
          </reporter-output>
        </test-method> <!-- loginToApplication -->
        <test-method signature="toVerifyTaskButton()[pri:0, instance:tests.VerifyHeadersOfApplication@4efc180e]" started-at="2022-03-05T11:41:23 IST" name="toVerifyTaskButton" finished-at="2022-03-05T11:41:23 IST" duration-ms="0" status="SKIP">
          <exception class="org.openqa.selenium.SessionNotCreatedException">
            <message>
              <![CDATA[session not created: This version of ChromeDriver only supports Chrome version 97
Current browser version is 99.0.4844.51 with binary path C:\Program Files (x86)\Google\Chrome\Application\chrome.exe
Build info: version: '3.141.59', revision: 'e82be7d358', time: '2018-11-14T08:17:03'
System info: host: 'ADMIN-PC', ip: '192.168.43.16', os.name: 'Windows 7', os.arch: 'amd64', os.version: '6.1', java.version: '17'
Driver info: driver.version: ChromeDriver
remote stacktrace: Backtrace:
Ordinal0 [0x0108FDC3+2555331]
Ordinal0 [0x010277F1+2127857]
Ordinal0 [0x00F22E08+1060360]
Ordinal0 [0x00F419CA+1186250]
Ordinal0 [0x00F3D825+1169445]
Ordinal0 [0x00F3AFC1+1159105]
Ordinal0 [0x00F6C22F+1360431]
Ordinal0 [0x00F6BE9A+1359514]
Ordinal0 [0x00F67976+1341814]
Ordinal0 [0x00F436B6+1193654]
Ordinal0 [0x00F44546+1197382]
GetHandleVerifier [0x01229622+1619522]
GetHandleVerifier [0x012D882C+2336844]
GetHandleVerifier [0x011223E1+541697]
GetHandleVerifier [0x01121443+537699]
Ordinal0 [0x0102D18E+2150798]
Ordinal0 [0x01031518+2168088]
Ordinal0 [0x01031660+2168416]
Ordinal0 [0x0103B330+2208560]
BaseThreadInitThunk [0x755833AA+18]
RtlInitializeExceptionChain [0x779E9ED2+99]
RtlInitializeExceptionChain [0x779E9EA5+54]
]]>
            </message>
            <full-stacktrace>
              <![CDATA[org.openqa.selenium.SessionNotCreatedException: session not created: This version of ChromeDriver only supports Chrome version 97
Current browser version is 99.0.4844.51 with binary path C:\Program Files (x86)\Google\Chrome\Application\chrome.exe
Build info: version: '3.141.59', revision: 'e82be7d358', time: '2018-11-14T08:17:03'
System info: host: 'ADMIN-PC', ip: '192.168.43.16', os.name: 'Windows 7', os.arch: 'amd64', os.version: '6.1', java.version: '17'
Driver info: driver.version: ChromeDriver
remote stacktrace: Backtrace:
Ordinal0 [0x0108FDC3+2555331]
Ordinal0 [0x010277F1+2127857]
Ordinal0 [0x00F22E08+1060360]
Ordinal0 [0x00F419CA+1186250]
Ordinal0 [0x00F3D825+1169445]
Ordinal0 [0x00F3AFC1+1159105]
Ordinal0 [0x00F6C22F+1360431]
Ordinal0 [0x00F6BE9A+1359514]
Ordinal0 [0x00F67976+1341814]
Ordinal0 [0x00F436B6+1193654]
Ordinal0 [0x00F44546+1197382]
GetHandleVerifier [0x01229622+1619522]
GetHandleVerifier [0x012D882C+2336844]
GetHandleVerifier [0x011223E1+541697]
GetHandleVerifier [0x01121443+537699]
Ordinal0 [0x0102D18E+2150798]
Ordinal0 [0x01031518+2168088]
Ordinal0 [0x01031660+2168416]
Ordinal0 [0x0103B330+2208560]
BaseThreadInitThunk [0x755833AA+18]
RtlInitializeExceptionChain [0x779E9ED2+99]
RtlInitializeExceptionChain [0x779E9EA5+54]

at java.base/jdk.internal.reflect.NativeConstructorAccessorImpl.newInstance0(Native Method)
at java.base/jdk.internal.reflect.NativeConstructorAccessorImpl.newInstance(NativeConstructorAccessorImpl.java:77)
at java.base/jdk.internal.reflect.DelegatingConstructorAccessorImpl.newInstance(DelegatingConstructorAccessorImpl.java:45)
at java.base/java.lang.reflect.Constructor.newInstanceWithCaller(Constructor.java:499)
at java.base/java.lang.reflect.Constructor.newInstance(Constructor.java:480)
at org.openqa.selenium.remote.W3CHandshakeResponse.lambda$errorHandler$0(W3CHandshakeResponse.java:62)
at org.openqa.selenium.remote.HandshakeResponse.lambda$getResponseFunction$0(HandshakeResponse.java:30)
at org.openqa.selenium.remote.ProtocolHandshake.lambda$createSession$0(ProtocolHandshake.java:126)
at java.base/java.util.stream.ReferencePipeline$3$1.accept(ReferencePipeline.java:197)
at java.base/java.util.Spliterators$ArraySpliterator.tryAdvance(Spliterators.java:1002)
at java.base/java.util.stream.ReferencePipeline.forEachWithCancel(ReferencePipeline.java:129)
at java.base/java.util.stream.AbstractPipeline.copyIntoWithCancel(AbstractPipeline.java:527)
at java.base/java.util.stream.AbstractPipeline.copyInto(AbstractPipeline.java:513)
at java.base/java.util.stream.AbstractPipeline.wrapAndCopyInto(AbstractPipeline.java:499)
at java.base/java.util.stream.FindOps$FindOp.evaluateSequential(FindOps.java:150)
at java.base/java.util.stream.AbstractPipeline.evaluate(AbstractPipeline.java:234)
at java.base/java.util.stream.ReferencePipeline.findFirst(ReferencePipeline.java:647)
at org.openqa.selenium.remote.ProtocolHandshake.createSession(ProtocolHandshake.java:128)
at org.openqa.selenium.remote.ProtocolHandshake.createSession(ProtocolHandshake.java:74)
at org.openqa.selenium.remote.HttpCommandExecutor.execute(HttpCommandExecutor.java:136)
at org.openqa.selenium.remote.service.DriverCommandExecutor.execute(DriverCommandExecutor.java:83)
at org.openqa.selenium.remote.RemoteWebDriver.execute(RemoteWebDriver.java:552)
at org.openqa.selenium.remote.RemoteWebDriver.startSession(RemoteWebDriver.java:213)
at org.openqa.selenium.remote.RemoteWebDriver.<init>(RemoteWebDriver.java:131)
at org.openqa.selenium.chrome.ChromeDriver.<init>(ChromeDriver.java:181)
at org.openqa.selenium.chrome.ChromeDriver.<init>(ChromeDriver.java:168)
at org.openqa.selenium.chrome.ChromeDriver.<init>(ChromeDriver.java:123)
at base.Browser.launchChromeBrowser(Browser.java:10)
at tests.VerifyHeadersOfApplication.launchBrowser(VerifyHeadersOfApplication.java:52)
at java.base/jdk.internal.reflect.NativeMethodAccessorImpl.invoke0(Native Method)
at java.base/jdk.internal.reflect.NativeMethodAccessorImpl.invoke(NativeMethodAccessorImpl.java:77)
at java.base/jdk.internal.reflect.DelegatingMethodAccessorImpl.invoke(DelegatingMethodAccessorImpl.java:43)
at java.base/java.lang.reflect.Method.invoke(Method.java:568)
at org.testng.internal.MethodInvocationHelper.invokeMethod(MethodInvocationHelper.java:133)
at org.testng.internal.MethodInvocationHelper.invokeMethodConsideringTimeout(MethodInvocationHelper.java:62)
at org.testng.internal.ConfigInvoker.invokeConfigurationMethod(ConfigInvoker.java:385)
at org.testng.internal.ConfigInvoker.invokeConfigurations(ConfigInvoker.java:321)
at org.testng.TestRunner.invokeTestConfigurations(TestRunner.java:637)
at org.testng.TestRunner.beforeRun(TestRunner.java:627)
at org.testng.TestRunner.run(TestRunner.java:589)
at org.testng.SuiteRunner.runTest(SuiteRunner.java:377)
at org.testng.SuiteRunner.runSequentially(SuiteRunner.java:371)
at org.testng.SuiteRunner.privateRun(SuiteRunner.java:332)
at org.testng.SuiteRunner.run(SuiteRunner.java:276)
at org.testng.SuiteRunnerWorker.runSuite(SuiteRunnerWorker.java:53)
at org.testng.SuiteRunnerWorker.run(SuiteRunnerWorker.java:96)
at org.testng.TestNG.runSuitesSequentially(TestNG.java:1212)
at org.testng.TestNG.runSuitesLocally(TestNG.java:1134)
at org.testng.TestNG.runSuites(TestNG.java:1063)
at org.testng.TestNG.run(TestNG.java:1031)
at org.testng.remote.AbstractRemoteTestNG.run(AbstractRemoteTestNG.java:115)
at org.testng.remote.RemoteTestNG.initAndRun(RemoteTestNG.java:251)
at org.testng.remote.RemoteTestNG.main(RemoteTestNG.java:77)
]]>
            </full-stacktrace>
          </exception> <!-- org.openqa.selenium.SessionNotCreatedException -->
          <reporter-output>
          </reporter-output>
        </test-method> <!-- toVerifyTaskButton -->
        <test-method is-config="true" signature="logoutFromApplication(org.testng.ITestResult)[pri:0, instance:tests.VerifyHeadersOfApplication@4efc180e]" started-at="2022-03-05T11:41:23 IST" name="logoutFromApplication" finished-at="1970-01-01T05:30:00 IST" duration-ms="-1646460683891" status="SKIP">
          <reporter-output>
          </reporter-output>
        </test-method> <!-- logoutFromApplication -->
        <test-method is-config="true" signature="clearPOMObject()[pri:0, instance:tests.VerifyHeadersOfApplication@4efc180e]" started-at="2022-03-05T11:41:23 IST" name="clearPOMObject" finished-at="1970-01-01T05:30:00 IST" duration-ms="-1646460683895" status="SKIP">
          <reporter-output>
          </reporter-output>
        </test-method> <!-- clearPOMObject -->
        <test-method is-config="true" signature="closedBrowser()[pri:0, instance:tests.VerifyHeadersOfApplication@4efc180e]" started-at="2022-03-05T11:41:23 IST" name="closedBrowser" finished-at="1970-01-01T05:30:00 IST" duration-ms="-1646460683900" status="SKIP">
          <reporter-output>
          </reporter-output>
        </test-method> <!-- closedBrowser -->
      </class> <!-- tests.VerifyHeadersOfApplication -->
    </test> <!-- ChromeTest -->
    <test started-at="2022-03-05T11:41:24 IST" name="FirefoxTest" finished-at="2022-03-05T11:42:52 IST" duration-ms="88785">
      <class name="tests.VerifyHeadersOfApplication">
        <test-method is-config="true" signature="launchBrowser(java.lang.String)[pri:0, instance:tests.VerifyHeadersOfApplication@1de76cc7]" started-at="2022-03-05T11:41:24 IST" name="launchBrowser" finished-at="2022-03-05T11:42:10 IST" duration-ms="45942" status="PASS">
          <params>
            <param index="0">
              <value>
                <![CDATA[Firefox]]>
              </value>
            </param>
          </params>
          <reporter-output>
          </reporter-output>
        </test-method> <!-- launchBrowser -->
        <test-method is-config="true" signature="createPOMObject()[pri:0, instance:tests.VerifyHeadersOfApplication@1de76cc7]" started-at="2022-03-05T11:42:10 IST" name="createPOMObject" finished-at="2022-03-05T11:42:10 IST" duration-ms="846" status="PASS">
          <reporter-output>
          </reporter-output>
        </test-method> <!-- createPOMObject -->
        <test-method is-config="true" signature="loginToApplication()[pri:0, instance:tests.VerifyHeadersOfApplication@1de76cc7]" started-at="2022-03-05T11:42:10 IST" name="loginToApplication" finished-at="2022-03-05T11:42:41 IST" duration-ms="30241" status="PASS">
          <reporter-output>
          </reporter-output>
        </test-method> <!-- loginToApplication -->
        <test-method signature="toVerifyTaskButton()[pri:0, instance:tests.VerifyHeadersOfApplication@1de76cc7]" started-at="2022-03-05T11:42:41 IST" name="toVerifyTaskButton" finished-at="2022-03-05T11:42:42 IST" duration-ms="1843" status="PASS">
          <reporter-output>
          </reporter-output>
        </test-method> <!-- toVerifyTaskButton -->
        <test-method is-config="true" signature="logoutFromApplication(org.testng.ITestResult)[pri:0, instance:tests.VerifyHeadersOfApplication@1de76cc7]" started-at="2022-03-05T11:42:43 IST" name="logoutFromApplication" finished-at="2022-03-05T11:42:45 IST" duration-ms="2356" status="PASS">
          <params>
            <param index="0">
              <value>
                <![CDATA[[TestResult name=toVerifyTaskButton status=SUCCESS method=VerifyHeadersOfApplication.toVerifyTaskButton()[pri:0, instance:tests.VerifyHeadersOfApplication@1de76cc7] output={null}]]]>
              </value>
            </param>
          </params>
          <reporter-output>
          </reporter-output>
        </test-method> <!-- logoutFromApplication -->
        <test-method is-config="true" signature="clearPOMObject()[pri:0, instance:tests.VerifyHeadersOfApplication@1de76cc7]" started-at="2022-03-05T11:42:45 IST" name="clearPOMObject" finished-at="2022-03-05T11:42:45 IST" duration-ms="0" status="PASS">
          <reporter-output>
          </reporter-output>
        </test-method> <!-- clearPOMObject -->
        <test-method is-config="true" signature="closedBrowser()[pri:0, instance:tests.VerifyHeadersOfApplication@1de76cc7]" started-at="2022-03-05T11:42:45 IST" name="closedBrowser" finished-at="2022-03-05T11:42:52 IST" duration-ms="7520" status="PASS">
          <reporter-output>
          </reporter-output>
        </test-method> <!-- closedBrowser -->
      </class> <!-- tests.VerifyHeadersOfApplication -->
    </test> <!-- FirefoxTest -->
  </suite> <!-- Suite -->
</testng-results>
