<?xml version="1.0" encoding="UTF-8"?>
<!-- Generated by org.testng.reporters.JUnitReportReporter -->
<testsuite hostname="Admin-PC" failures="0" tests="3" name="tests.VerifyHeadersOfApplication" time="55.202" errors="1" timestamp="2022-03-05T11:42:53 IST" skipped="1">
  <testcase classname="tests.VerifyHeadersOfApplication" name="toVerifyTaskButton" time="0.000">
    <skipped/>
  </testcase> <!-- toVerifyTaskButton -->
  <system-out/>
  <testcase classname="tests.VerifyHeadersOfApplication" name="toVerifyTaskButton" time="34.440"/>
  <system-out/>
  <testcase classname="tests.VerifyHeadersOfApplication" name="launchBrowser" time="20.762">
    <error message="session not created: This version of ChromeDriver only supports Chrome version 97
Current browser version is 99.0.4844.51 with binary path C:\Program Files (x86)\Google\Chrome\Application\chrome.exe
Build info: version: &#039;3.141.59&#039;, revision: &#039;e82be7d358&#039;, time: &#039;2018-11-14T08:17:03&#039;
System info: host: &#039;ADMIN-PC&#039;, ip: &#039;192.168.43.16&#039;, os.name: &#039;Windows 7&#039;, os.arch: &#039;amd64&#039;, os.version: &#039;6.1&#039;, java.version: &#039;17&#039;
Driver info: driver.version: ChromeDriver
remote stacktrace: Backtrace:
	Ordinal0 [0x0108FDC3+2555331]
	Ordinal0 [0x010277F1+2127857]
	Ordinal0 [0x00F22E08+1060360]
	Ordinal0 [0x00F419CA+1186250]
	Ordinal0 [0x00F3D825+1169445]
	Ordinal0 [0x00F3AFC1+1159105]
	Ordinal0 [0x00F6C22F+1360431]
	Ordinal0 [0x00F6BE9A+1359514]
	Ordinal0 [0x00F67976+1341814]
	Ordinal0 [0x00F436B6+1193654]
	Ordinal0 [0x00F44546+1197382]
	GetHandleVerifier [0x01229622+1619522]
	GetHandleVerifier [0x012D882C+2336844]
	GetHandleVerifier [0x011223E1+541697]
	GetHandleVerifier [0x01121443+537699]
	Ordinal0 [0x0102D18E+2150798]
	Ordinal0 [0x01031518+2168088]
	Ordinal0 [0x01031660+2168416]
	Ordinal0 [0x0103B330+2208560]
	BaseThreadInitThunk [0x755833AA+18]
	RtlInitializeExceptionChain [0x779E9ED2+99]
	RtlInitializeExceptionChain [0x779E9EA5+54]
" type="org.openqa.selenium.SessionNotCreatedException">
      <![CDATA[org.openqa.selenium.SessionNotCreatedException: session not created: This version of ChromeDriver only supports Chrome version 97
Current browser version is 99.0.4844.51 with binary path C:\Program Files (x86)\Google\Chrome\Application\chrome.exe
Build info: version: '3.141.59', revision: 'e82be7d358', time: '2018-11-14T08:17:03'
System info: host: 'ADMIN-PC', ip: '192.168.43.16', os.name: 'Windows 7', os.arch: 'amd64', os.version: '6.1', java.version: '17'
Driver info: driver.version: ChromeDriver
remote stacktrace: Backtrace:
Ordinal0 [0x0108FDC3+2555331]
Ordinal0 [0x010277F1+2127857]
Ordinal0 [0x00F22E08+1060360]
Ordinal0 [0x00F419CA+1186250]
Ordinal0 [0x00F3D825+1169445]
Ordinal0 [0x00F3AFC1+1159105]
Ordinal0 [0x00F6C22F+1360431]
Ordinal0 [0x00F6BE9A+1359514]
Ordinal0 [0x00F67976+1341814]
Ordinal0 [0x00F436B6+1193654]
Ordinal0 [0x00F44546+1197382]
GetHandleVerifier [0x01229622+1619522]
GetHandleVerifier [0x012D882C+2336844]
GetHandleVerifier [0x011223E1+541697]
GetHandleVerifier [0x01121443+537699]
Ordinal0 [0x0102D18E+2150798]
Ordinal0 [0x01031518+2168088]
Ordinal0 [0x01031660+2168416]
Ordinal0 [0x0103B330+2208560]
BaseThreadInitThunk [0x755833AA+18]
RtlInitializeExceptionChain [0x779E9ED2+99]
RtlInitializeExceptionChain [0x779E9EA5+54]

at java.base/jdk.internal.reflect.NativeConstructorAccessorImpl.newInstance0(Native Method)
at java.base/jdk.internal.reflect.NativeConstructorAccessorImpl.newInstance(NativeConstructorAccessorImpl.java:77)
at java.base/jdk.internal.reflect.DelegatingConstructorAccessorImpl.newInstance(DelegatingConstructorAccessorImpl.java:45)
at java.base/java.lang.reflect.Constructor.newInstanceWithCaller(Constructor.java:499)
at java.base/java.lang.reflect.Constructor.newInstance(Constructor.java:480)
at org.openqa.selenium.remote.W3CHandshakeResponse.lambda$errorHandler$0(W3CHandshakeResponse.java:62)
at org.openqa.selenium.remote.HandshakeResponse.lambda$getResponseFunction$0(HandshakeResponse.java:30)
at org.openqa.selenium.remote.ProtocolHandshake.lambda$createSession$0(ProtocolHandshake.java:126)
at java.base/java.util.stream.ReferencePipeline$3$1.accept(ReferencePipeline.java:197)
at java.base/java.util.Spliterators$ArraySpliterator.tryAdvance(Spliterators.java:1002)
at java.base/java.util.stream.ReferencePipeline.forEachWithCancel(ReferencePipeline.java:129)
at java.base/java.util.stream.AbstractPipeline.copyIntoWithCancel(AbstractPipeline.java:527)
at java.base/java.util.stream.AbstractPipeline.copyInto(AbstractPipeline.java:513)
at java.base/java.util.stream.AbstractPipeline.wrapAndCopyInto(AbstractPipeline.java:499)
at java.base/java.util.stream.FindOps$FindOp.evaluateSequential(FindOps.java:150)
at java.base/java.util.stream.AbstractPipeline.evaluate(AbstractPipeline.java:234)
at java.base/java.util.stream.ReferencePipeline.findFirst(ReferencePipeline.java:647)
at org.openqa.selenium.remote.ProtocolHandshake.createSession(ProtocolHandshake.java:128)
at org.openqa.selenium.remote.ProtocolHandshake.createSession(ProtocolHandshake.java:74)
at org.openqa.selenium.remote.HttpCommandExecutor.execute(HttpCommandExecutor.java:136)
at org.openqa.selenium.remote.service.DriverCommandExecutor.execute(DriverCommandExecutor.java:83)
at org.openqa.selenium.remote.RemoteWebDriver.execute(RemoteWebDriver.java:552)
at org.openqa.selenium.remote.RemoteWebDriver.startSession(RemoteWebDriver.java:213)
at org.openqa.selenium.remote.RemoteWebDriver.<init>(RemoteWebDriver.java:131)
at org.openqa.selenium.chrome.ChromeDriver.<init>(ChromeDriver.java:181)
at org.openqa.selenium.chrome.ChromeDriver.<init>(ChromeDriver.java:168)
at org.openqa.selenium.chrome.ChromeDriver.<init>(ChromeDriver.java:123)
at base.Browser.launchChromeBrowser(Browser.java:10)
at tests.VerifyHeadersOfApplication.launchBrowser(VerifyHeadersOfApplication.java:52)
at java.base/jdk.internal.reflect.NativeMethodAccessorImpl.invoke0(Native Method)
at java.base/jdk.internal.reflect.NativeMethodAccessorImpl.invoke(NativeMethodAccessorImpl.java:77)
at java.base/jdk.internal.reflect.DelegatingMethodAccessorImpl.invoke(DelegatingMethodAccessorImpl.java:43)
at java.base/java.lang.reflect.Method.invoke(Method.java:568)
at org.testng.internal.MethodInvocationHelper.invokeMethod(MethodInvocationHelper.java:133)
at org.testng.internal.MethodInvocationHelper.invokeMethodConsideringTimeout(MethodInvocationHelper.java:62)
at org.testng.internal.ConfigInvoker.invokeConfigurationMethod(ConfigInvoker.java:385)
at org.testng.internal.ConfigInvoker.invokeConfigurations(ConfigInvoker.java:321)
at org.testng.TestRunner.invokeTestConfigurations(TestRunner.java:637)
at org.testng.TestRunner.beforeRun(TestRunner.java:627)
at org.testng.TestRunner.run(TestRunner.java:589)
at org.testng.SuiteRunner.runTest(SuiteRunner.java:377)
at org.testng.SuiteRunner.runSequentially(SuiteRunner.java:371)
at org.testng.SuiteRunner.privateRun(SuiteRunner.java:332)
at org.testng.SuiteRunner.run(SuiteRunner.java:276)
at org.testng.SuiteRunnerWorker.runSuite(SuiteRunnerWorker.java:53)
at org.testng.SuiteRunnerWorker.run(SuiteRunnerWorker.java:96)
at org.testng.TestNG.runSuitesSequentially(TestNG.java:1212)
at org.testng.TestNG.runSuitesLocally(TestNG.java:1134)
at org.testng.TestNG.runSuites(TestNG.java:1063)
at org.testng.TestNG.run(TestNG.java:1031)
at org.testng.remote.AbstractRemoteTestNG.run(AbstractRemoteTestNG.java:115)
at org.testng.remote.RemoteTestNG.initAndRun(RemoteTestNG.java:251)
at org.testng.remote.RemoteTestNG.main(RemoteTestNG.java:77)
]]>
    </error>
  </testcase> <!-- launchBrowser -->
  <system-out/>
</testsuite> <!-- tests.VerifyHeadersOfApplication -->
